Suntem la populatia intiala
1 : 0111101100000101100010 x: 1.44166 f: 4.273447111199999
2 : 1000011001110100111011 x: 1.575665 f: 4.81411038445
3 : 1011110000100001000111 x: 2.204641 f: 8.311601877762001
4 : 1111111011110011101010 x: 2.987717 f: 14.877471744178
5 : 0011000000011110001001 x: 0.56388 f: 2.5081613088
6 : 1100101110011001000101 x: 2.385914 f: 9.613343230792001
7 : 1011000011100100011100 x: 2.072958 f: 7.448393739527999
8 : 0101000001100000101011 x: 0.941926 f: 2.890597178952
9 : 1111001111001111111000 x: 2.857173 f: 13.612529103858002
10 : 1011001001111011101001 x: 2.091598 f: 7.566368387207999
11 : 0010100000101110111000 x: 0.470896 f: 2.501694085632
12 : 1111111110100110001011 x: 2.995889 f: 14.958923800642001
13 : 0001000111011111100010 x: 0.209451 f: 2.668837442802
14 : 1010100111010011111001 x: 1.990169 f: 6.941207297122
15 : 1110001001000010101011 x: 2.65149 f: 11.7578184402
16 : 1001101011000100001011 x: 1.813668 f: 5.951447228448
17 : 1100001101111100101010 x: 2.290863 f: 8.914380569537999
18 : 1001100111111111001100 x: 1.804651 f: 5.904228463601999
19 : 0011010011001110011000 x: 0.618822 f: 2.528237335368
20 : 1010010000011110001000 x: 1.923254 f: 6.551303897032

Probabilitatile de selectie:

cromozom 1: 0.029554781512912482
cromozom 2: 0.03329396079772943
cromozom 3: 0.05748230202165538
cromozom 4: 0.10289127615767785
cromozom 5: 0.017346221341185422
cromozom 6: 0.06648502986033487
cromozom 7: 0.05151243103417753
cromozom 8: 0.019991113928113695
cromozom 9: 0.09414304495503958
cromozom 10: 0.05232833324274989
cromozom 11: 0.01730149459887368
cromozom 12: 0.10345459136199191
cromozom 13: 0.018457443245002335
cromozom 14: 0.048004774544798054
cromozom 15: 0.08131603036758427
cromozom 16: 0.041159681621288996
cromozom 17: 0.061651066036398576
cromozom 18: 0.04083312082808867
cromozom 19: 0.017485065361814486
cromozom 20: 0.0453082371825828

Intervalele probabilitatilor de selectie:
0 0.029554781512912482
0.06284874231064191
0.1203310443322973
0.22322232048997515
0.24056854183116055
0.3070535716914954
0.35856600272567296
0.37855711665378666
0.4727001616088262
0.5250284948515761
0.5423299894504497
0.6457845808124417
0.664242024057444
0.7122467986022422
0.7935628289698263
0.8347225105911154
0.8963735766275139
0.9372066974556027
0.9546917628174172
1.0

Procesul selectionarii: 

Elementul etilist: 12 : 1111111110100110001011 x: 2.995889 f: 14.958923800642001
u= 0.18933688761064138 -> cromozomul selectat: 4
u= 0.3005604293633768 -> cromozomul selectat: 6
u= 0.9546761864842056 -> cromozomul selectat: 19
u= 0.23040995024706734 -> cromozomul selectat: 5
u= 0.961863170379965 -> cromozomul selectat: 20
u= 0.7287943907289148 -> cromozomul selectat: 15
u= 0.08589039729696468 -> cromozomul selectat: 3
u= 0.4954397949268594 -> cromozomul selectat: 10
u= 0.5097527748544106 -> cromozomul selectat: 10
u= 0.9164756917118528 -> cromozomul selectat: 18
u= 0.5733197105734538 -> cromozomul selectat: 12
u= 0.25841420310861496 -> cromozomul selectat: 6
u= 0.7027130570183913 -> cromozomul selectat: 14
u= 0.2822205782949525 -> cromozomul selectat: 6
u= 0.9559268731072421 -> cromozomul selectat: 20
u= 0.8066259012723737 -> cromozomul selectat: 16
u= 0.507838250246915 -> cromozomul selectat: 10
u= 0.6508832183714904 -> cromozomul selectat: 13
u= 0.786773664792793 -> cromozomul selectat: 15

Dupa ce am facut selectia:
1 : 1111111110100110001011 x: 2.995889 f: 14.958923800642001
2 : 1111111011110011101010 x: 2.987717 f: 14.877471744178
3 : 1100101110011001000101 x: 2.385914 f: 9.613343230792001
4 : 0011010011001110011000 x: 0.618822 f: 2.528237335368
5 : 0011000000011110001001 x: 0.56388 f: 2.5081613088
6 : 1010010000011110001000 x: 1.923254 f: 6.551303897032
7 : 1110001001000010101011 x: 2.65149 f: 11.7578184402
8 : 1011110000100001000111 x: 2.204641 f: 8.311601877762001
9 : 1011001001111011101001 x: 2.091598 f: 7.566368387207999
10 : 1011001001111011101001 x: 2.091598 f: 7.566368387207999
11 : 1001100111111111001100 x: 1.804651 f: 5.904228463601999
12 : 1111111110100110001011 x: 2.995889 f: 14.958923800642001
13 : 1100101110011001000101 x: 2.385914 f: 9.613343230792001
14 : 1010100111010011111001 x: 1.990169 f: 6.941207297122
15 : 1100101110011001000101 x: 2.385914 f: 9.613343230792001
16 : 1010010000011110001000 x: 1.923254 f: 6.551303897032
17 : 1001101011000100001011 x: 1.813668 f: 5.951447228448
18 : 1011001001111011101001 x: 2.091598 f: 7.566368387207999
19 : 0001000111011111100010 x: 0.209451 f: 2.668837442802
20 : 1110001001000010101011 x: 2.65149 f: 11.7578184402


Probabilitatea de incrucisare:
2 1111111011110011101010 u= 0.1484933249279624 < 0.25 participa
3 1100101110011001000101 u= 0.09962071075684176 < 0.25 participa
4 0011010011001110011000 u= 0.7287834427897552
5 0011000000011110001001 u= 0.539811101177192
6 1010010000011110001000 u= 0.43816396941232916
7 1110001001000010101011 u= 0.04590445343730165 < 0.25 participa
8 1011110000100001000111 u= 0.8183479455021837
9 1011001001111011101001 u= 0.7157848906507165
10 1011001001111011101001 u= 0.2763871763440293
11 1001100111111111001100 u= 0.3676028068127931
12 1111111110100110001011 u= 0.1938634385366209 < 0.25 participa
13 1100101110011001000101 u= 0.9470929387456882
14 1010100111010011111001 u= 0.5411954263821683
15 1100101110011001000101 u= 0.32701807203256583
16 1010010000011110001000 u= 0.22393244783770494 < 0.25 participa
17 1001101011000100001011 u= 0.246290401395022 < 0.25 participa
18 1011001001111011101001 u= 0.07254808024633275 < 0.25 participa
19 0001000111011111100010 u= 0.11486050968265038 < 0.25 participa
20 1110001001000010101011 u= 0.2194465045104621 < 0.25 participa

Recombinarile sunt: 
Recombinarea intre cromozomul 7 si cromozomul 16 : 
1110001000011110001000 1010010001000010101011 punctul de rupere 9
Rezultatul este  1110001000011110001000 1010010001000010101011
Recombinarea intre cromozomul 2 si cromozomul 3 : 
1100101110011001000101 1111111011110011101010 punctul de rupere 0
Rezultatul este  1100101110011001000101 1111111011110011101010
Recombinarea intre cromozomul 19 si cromozomul 18 : 
0001001001111011101001 1011000111011111100010 punctul de rupere 6
Rezultatul este  0001001001111011101001 1011000111011111100010
Recombinarea intre cromozomul 17 si cromozomul 20 : 
1001101011000110101011 1110001001000000001011 punctul de rupere 14
Rezultatul este  1001101011000110101011 1110001001000000001011

Dupa ce s-a realizat recombinarea: 
1 : 1111111110100110001011 x: 2.995889 f: 14.958923800642001
2 : 1100101110011001000101 x: 2.385914 f: 9.613343230792001
3 : 1111111011110011101010 x: 2.987717 f: 14.877471744178
4 : 0011010011001110011000 x: 0.618822 f: 2.528237335368
5 : 0011000000011110001001 x: 0.56388 f: 2.5081613088
6 : 1010010000011110001000 x: 1.923254 f: 6.551303897032
7 : 1110001000011110001000 x: 2.649817 f: 11.743426266978002
8 : 1011110000100001000111 x: 2.204641 f: 8.311601877762001
9 : 1011001001111011101001 x: 2.091598 f: 7.566368387207999
10 : 1011001001111011101001 x: 2.091598 f: 7.566368387207999
11 : 1001100111111111001100 x: 1.804651 f: 5.904228463601999
12 : 1111111110100110001011 x: 2.995889 f: 14.958923800642001
13 : 1100101110011001000101 x: 2.385914 f: 9.613343230792001
14 : 1010100111010011111001 x: 1.990169 f: 6.941207297122
15 : 1100101110011001000101 x: 2.385914 f: 9.613343230792001
16 : 1010010001000010101011 x: 1.924927 f: 6.560833910658001
17 : 1001101011000110101011 x: 1.813782 f: 5.952046287048001
18 : 1011000111011111100010 x: 2.084452 f: 7.520976280608001
19 : 0001001001111011101001 x: 0.216597 f: 2.6606345208180002
20 : 1110001001000000001011 x: 2.651376 f: 11.756837386752

Probabilitatea de mutatie pentru fiecare gena este: 0.01

Urmatorii cromozomi au fost modificati: 
11
12

Dupa mutatie: 
1 : 1111111110100110001011 x: 2.995889 f: 14.958923800642001
2 : 1100101110011001000101 x: 2.385914 f: 9.613343230792001
3 : 1111111011110011101010 x: 2.987717 f: 14.877471744178
4 : 0011010011001110011000 x: 0.618822 f: 2.528237335368
5 : 0011000000011110001001 x: 0.56388 f: 2.5081613088
6 : 1010010000011110001000 x: 1.923254 f: 6.551303897032
7 : 1110001000011110001000 x: 2.649817 f: 11.743426266978002
8 : 1011110000100001000111 x: 2.204641 f: 8.311601877762001
9 : 1011001001111011101001 x: 2.091598 f: 7.566368387207999
10 : 1011001001111011101001 x: 2.091598 f: 7.566368387207999
11 : 0001100111111111001100 x: 0.30465 f: 2.576323245
12 : 1011111110100110001011 x: 2.245889 f: 8.596256800642001
13 : 1100101110011001000101 x: 2.385914 f: 9.613343230792001
14 : 1010100111010011111001 x: 1.990169 f: 6.941207297122
15 : 1100101110011001000101 x: 2.385914 f: 9.613343230792001
16 : 1010010001000010101011 x: 1.924927 f: 6.560833910658001
17 : 1001101011000110101011 x: 1.813782 f: 5.952046287048001
18 : 1011000111011111100010 x: 2.084452 f: 7.520976280608001
19 : 0001001001111011101001 x: 0.216597 f: 2.6606345208180002
20 : 1110001001000000001011 x: 2.651376 f: 11.756837386752


Evolutia maximului: 

Valoarea maxima este: 14.958923800642001 -> Valoarea medie a performantei este: 0.7479461900321001

Valoarea maxima este: 14.958923800642001 -> Valoarea medie a performantei este: 0.7479461900321001

Valoarea maxima este: 14.958923800642001 -> Valoarea medie a performantei este: 0.7479461900321001

Valoarea maxima este: 14.958923800642001 -> Valoarea medie a performantei este: 0.7479461900321001

Valoarea maxima este: 14.994360636192 -> Valoarea medie a performantei este: 0.7497180318096001

Valoarea maxima este: 14.958923800642001 -> Valoarea medie a performantei este: 0.7479461900321001

Valoarea maxima este: 14.958923800642001 -> Valoarea medie a performantei este: 0.7479461900321001

Valoarea maxima este: 14.958923800642001 -> Valoarea medie a performantei este: 0.7479461900321001

Valoarea maxima este: 14.958923800642001 -> Valoarea medie a performantei este: 0.7479461900321001

Valoarea maxima este: 14.958923800642001 -> Valoarea medie a performantei este: 0.7479461900321001

Valoarea maxima este: 14.958923800642001 -> Valoarea medie a performantei este: 0.7479461900321001

Valoarea maxima este: 14.958923800642001 -> Valoarea medie a performantei este: 0.7479461900321001

Valoarea maxima este: 14.958923800642001 -> Valoarea medie a performantei este: 0.7479461900321001

Valoarea maxima este: 14.958923800642001 -> Valoarea medie a performantei este: 0.7479461900321001

Valoarea maxima este: 14.959333129800001 -> Valoarea medie a performantei este: 0.74796665649

Valoarea maxima este: 14.958923800642001 -> Valoarea medie a performantei este: 0.7479461900321001

Valoarea maxima este: 14.958923800642001 -> Valoarea medie a performantei este: 0.7479461900321001

Valoarea maxima este: 14.958923800642001 -> Valoarea medie a performantei este: 0.7479461900321001

Valoarea maxima este: 14.958923800642001 -> Valoarea medie a performantei este: 0.7479461900321001

Valoarea maxima este: 14.958923800642001 -> Valoarea medie a performantei este: 0.7479461900321001

Valoarea maxima este: 14.958923800642001 -> Valoarea medie a performantei este: 0.7479461900321001

Valoarea maxima este: 14.958923800642001 -> Valoarea medie a performantei este: 0.7479461900321001

Valoarea maxima este: 14.958923800642001 -> Valoarea medie a performantei este: 0.7479461900321001

Valoarea maxima este: 14.977989697607999 -> Valoarea medie a performantei este: 0.7488994848803999

Valoarea maxima este: 14.958923800642001 -> Valoarea medie a performantei este: 0.7479461900321001

Valoarea maxima este: 14.958923800642001 -> Valoarea medie a performantei este: 0.7479461900321001

Valoarea maxima este: 14.958923800642001 -> Valoarea medie a performantei este: 0.7479461900321001

Valoarea maxima este: 14.958923800642001 -> Valoarea medie a performantei este: 0.7479461900321001

Valoarea maxima este: 14.958923800642001 -> Valoarea medie a performantei este: 0.7479461900321001

Valoarea maxima este: 14.958923800642001 -> Valoarea medie a performantei este: 0.7479461900321001

Valoarea maxima este: 14.962578050050002 -> Valoarea medie a performantei este: 0.7481289025025001

Valoarea maxima este: 14.958923800642001 -> Valoarea medie a performantei este: 0.7479461900321001

Valoarea maxima este: 14.958923800642001 -> Valoarea medie a performantei este: 0.7479461900321001

Valoarea maxima este: 14.977989697607999 -> Valoarea medie a performantei este: 0.7488994848803999

Valoarea maxima este: 14.958923800642001 -> Valoarea medie a performantei este: 0.7479461900321001

Valoarea maxima este: 14.958923800642001 -> Valoarea medie a performantei este: 0.7479461900321001

Valoarea maxima este: 14.958923800642001 -> Valoarea medie a performantei este: 0.7479461900321001

Valoarea maxima este: 14.958923800642001 -> Valoarea medie a performantei este: 0.7479461900321001

Valoarea maxima este: 14.994120691488 -> Valoarea medie a performantei este: 0.7497060345744

Valoarea maxima este: 14.958923800642001 -> Valoarea medie a performantei este: 0.7479461900321001

Valoarea maxima este: 14.958923800642001 -> Valoarea medie a performantei este: 0.7479461900321001

Valoarea maxima este: 14.958923800642001 -> Valoarea medie a performantei este: 0.7479461900321001

Valoarea maxima este: 14.958923800642001 -> Valoarea medie a performantei este: 0.7479461900321001

Valoarea maxima este: 14.958923800642001 -> Valoarea medie a performantei este: 0.7479461900321001

Valoarea maxima este: 14.958923800642001 -> Valoarea medie a performantei este: 0.7479461900321001

Valoarea maxima este: 14.958923800642001 -> Valoarea medie a performantei este: 0.7479461900321001

Valoarea maxima este: 14.958923800642001 -> Valoarea medie a performantei este: 0.7479461900321001

Valoarea maxima este: 14.958923800642001 -> Valoarea medie a performantei este: 0.7479461900321001

Valoarea maxima este: 14.958923800642001 -> Valoarea medie a performantei este: 0.7479461900321001

Valoarea maxima este: 14.977989697607999 -> Valoarea medie a performantei este: 0.7488994848803999
